  Light.cpp
d:\hubert\cgg_project\project1_2\project1\Light.h(8): fatal error C1083: 無法開啟包含檔案: 'glut.h': No such file or directory
  main.cpp
d:\hubert\cgg_project\project1_2\project1\Scene.h(9): fatal error C1083: 無法開啟包含檔案: 'FreeImage.h': No such file or directory
  mesh.cpp
mesh.cpp(149): warning C4267: '引數': 將 'size_t' 轉換為 'int'，資料可能遺失
mesh.cpp(43): error C4996: 'fopen': This function or variable may be unsafe. Consider using fopen_s instead. To disable deprecation, use _CRT_SECURE_NO_WARNINGS. See online help for details.
  C:\Program Files (x86)\Windows Kits\10\Include\10.0.10240.0\ucrt\stdio.h(205): note: 請參閱 'fopen' 的宣告
mesh.cpp(57): error C4996: 'fscanf': This function or variable may be unsafe. Consider using fscanf_s instead. To disable deprecation, use _CRT_SECURE_NO_WARNINGS. See online help for details.
  C:\Program Files (x86)\Windows Kits\10\Include\10.0.10240.0\ucrt\stdio.h(1193): note: 請參閱 'fscanf' 的宣告
mesh.cpp(61): error C4996: 'fscanf': This function or variable may be unsafe. Consider using fscanf_s instead. To disable deprecation, use _CRT_SECURE_NO_WARNINGS. See online help for details.
  C:\Program Files (x86)\Windows Kits\10\Include\10.0.10240.0\ucrt\stdio.h(1193): note: 請參閱 'fscanf' 的宣告
mesh.cpp(68): error C4996: 'fscanf': This function or variable may be unsafe. Consider using fscanf_s instead. To disable deprecation, use _CRT_SECURE_NO_WARNINGS. See online help for details.
  C:\Program Files (x86)\Windows Kits\10\Include\10.0.10240.0\ucrt\stdio.h(1193): note: 請參閱 'fscanf' 的宣告
mesh.cpp(74): error C4996: 'fscanf': This function or variable may be unsafe. Consider using fscanf_s instead. To disable deprecation, use _CRT_SECURE_NO_WARNINGS. See online help for details.
  C:\Program Files (x86)\Windows Kits\10\Include\10.0.10240.0\ucrt\stdio.h(1193): note: 請參閱 'fscanf' 的宣告
mesh.cpp(80): error C4996: 'fscanf': This function or variable may be unsafe. Consider using fscanf_s instead. To disable deprecation, use _CRT_SECURE_NO_WARNINGS. See online help for details.
  C:\Program Files (x86)\Windows Kits\10\Include\10.0.10240.0\ucrt\stdio.h(1193): note: 請參閱 'fscanf' 的宣告
mesh.cpp(86): error C4996: 'fscanf': This function or variable may be unsafe. Consider using fscanf_s instead. To disable deprecation, use _CRT_SECURE_NO_WARNINGS. See online help for details.
  C:\Program Files (x86)\Windows Kits\10\Include\10.0.10240.0\ucrt\stdio.h(1193): note: 請參閱 'fscanf' 的宣告
mesh.cpp(91): error C4996: 'fscanf': This function or variable may be unsafe. Consider using fscanf_s instead. To disable deprecation, use _CRT_SECURE_NO_WARNINGS. See online help for details.
  C:\Program Files (x86)\Windows Kits\10\Include\10.0.10240.0\ucrt\stdio.h(1193): note: 請參閱 'fscanf' 的宣告
mesh.cpp(100): error C4996: 'fscanf': This function or variable may be unsafe. Consider using fscanf_s instead. To disable deprecation, use _CRT_SECURE_NO_WARNINGS. See online help for details.
  C:\Program Files (x86)\Windows Kits\10\Include\10.0.10240.0\ucrt\stdio.h(1193): note: 請參閱 'fscanf' 的宣告
mesh.cpp(164): warning C4477: 'printf' : 格式字串 '%d' 需要 'int' 類型的引數，但 variadic 引數 1 的類型為 'std::size_t'
  mesh.cpp(164): note: 請考慮在格式字串中使用 '%zd'
mesh.cpp(164): warning C4477: 'printf' : 格式字串 '%d' 需要 'int' 類型的引數，但 variadic 引數 2 的類型為 'std::size_t'
  mesh.cpp(164): note: 請考慮在格式字串中使用 '%zd'
mesh.cpp(164): warning C4477: 'printf' : 格式字串 '%d' 需要 'int' 類型的引數，但 variadic 引數 3 的類型為 'std::size_t'
  mesh.cpp(164): note: 請考慮在格式字串中使用 '%zd'
mesh.cpp(164): warning C4477: 'printf' : 格式字串 '%d' 需要 'int' 類型的引數，但 variadic 引數 4 的類型為 'std::size_t'
  mesh.cpp(164): note: 請考慮在格式字串中使用 '%zd'
mesh.cpp(172): error C4996: 'fopen': This function or variable may be unsafe. Consider using fopen_s instead. To disable deprecation, use _CRT_SECURE_NO_WARNINGS. See online help for details.
  C:\Program Files (x86)\Windows Kits\10\Include\10.0.10240.0\ucrt\stdio.h(205): note: 請參閱 'fopen' 的宣告
mesh.cpp(187): error C4996: 'fscanf': This function or variable may be unsafe. Consider using fscanf_s instead. To disable deprecation, use _CRT_SECURE_NO_WARNINGS. See online help for details.
  C:\Program Files (x86)\Windows Kits\10\Include\10.0.10240.0\ucrt\stdio.h(1193): note: 請參閱 'fscanf' 的宣告
mesh.cpp(191): error C4996: 'fscanf': This function or variable may be unsafe. Consider using fscanf_s instead. To disable deprecation, use _CRT_SECURE_NO_WARNINGS. See online help for details.
  C:\Program Files (x86)\Windows Kits\10\Include\10.0.10240.0\ucrt\stdio.h(1193): note: 請參閱 'fscanf' 的宣告
mesh.cpp(200): error C4996: 'fscanf': This function or variable may be unsafe. Consider using fscanf_s instead. To disable deprecation, use _CRT_SECURE_NO_WARNINGS. See online help for details.
  C:\Program Files (x86)\Windows Kits\10\Include\10.0.10240.0\ucrt\stdio.h(1193): note: 請參閱 'fscanf' 的宣告
mesh.cpp(209): error C4996: 'fscanf': This function or variable may be unsafe. Consider using fscanf_s instead. To disable deprecation, use _CRT_SECURE_NO_WARNINGS. See online help for details.
  C:\Program Files (x86)\Windows Kits\10\Include\10.0.10240.0\ucrt\stdio.h(1193): note: 請參閱 'fscanf' 的宣告
mesh.cpp(218): error C4996: 'fscanf': This function or variable may be unsafe. Consider using fscanf_s instead. To disable deprecation, use _CRT_SECURE_NO_WARNINGS. See online help for details.
  C:\Program Files (x86)\Windows Kits\10\Include\10.0.10240.0\ucrt\stdio.h(1193): note: 請參閱 'fscanf' 的宣告
mesh.cpp(227): error C4996: 'fscanf': This function or variable may be unsafe. Consider using fscanf_s instead. To disable deprecation, use _CRT_SECURE_NO_WARNINGS. See online help for details.
  C:\Program Files (x86)\Windows Kits\10\Include\10.0.10240.0\ucrt\stdio.h(1193): note: 請參閱 'fscanf' 的宣告
mesh.cpp(233): error C4996: 'fscanf': This function or variable may be unsafe. Consider using fscanf_s instead. To disable deprecation, use _CRT_SECURE_NO_WARNINGS. See online help for details.
  C:\Program Files (x86)\Windows Kits\10\Include\10.0.10240.0\ucrt\stdio.h(1193): note: 請參閱 'fscanf' 的宣告
mesh.cpp(239): error C4996: 'fscanf': This function or variable may be unsafe. Consider using fscanf_s instead. To disable deprecation, use _CRT_SECURE_NO_WARNINGS. See online help for details.
  C:\Program Files (x86)\Windows Kits\10\Include\10.0.10240.0\ucrt\stdio.h(1193): note: 請參閱 'fscanf' 的宣告
mesh.cpp(245): error C4996: 'fscanf': This function or variable may be unsafe. Consider using fscanf_s instead. To disable deprecation, use _CRT_SECURE_NO_WARNINGS. See online help for details.
  C:\Program Files (x86)\Windows Kits\10\Include\10.0.10240.0\ucrt\stdio.h(1193): note: 請參閱 'fscanf' 的宣告
mesh.cpp(251): error C4996: 'fscanf': This function or variable may be unsafe. Consider using fscanf_s instead. To disable deprecation, use _CRT_SECURE_NO_WARNINGS. See online help for details.
  C:\Program Files (x86)\Windows Kits\10\Include\10.0.10240.0\ucrt\stdio.h(1193): note: 請參閱 'fscanf' 的宣告
mesh.cpp(257): error C4996: 'fscanf': This function or variable may be unsafe. Consider using fscanf_s instead. To disable deprecation, use _CRT_SECURE_NO_WARNINGS. See online help for details.
  C:\Program Files (x86)\Windows Kits\10\Include\10.0.10240.0\ucrt\stdio.h(1193): note: 請參閱 'fscanf' 的宣告
mesh.cpp(267): warning C4477: 'printf' : 格式字串 '%d' 需要 'int' 類型的引數，但 variadic 引數 1 的類型為 'unsigned __int64'
  mesh.cpp(267): note: 請考慮在格式字串中使用 '%zd'
  Scene.cpp
d:\hubert\cgg_project\project1_2\project1\Scene.h(9): fatal error C1083: 無法開啟包含檔案: 'FreeImage.h': No such file or directory
  View.cpp
